<?xml version="1.0" encoding="UTF-8"?>
<testng-results ignored="0" total="1" passed="1" failed="0" skipped="0">
  <reporter-output>
  </reporter-output>
  <suite started-at="2019-08-27T19:00:12Z" name="Default suite" finished-at="2019-08-27T19:01:10Z" duration-ms="58709">
    <groups>
      <group name="cucumber">
        <method signature="AbstractTestNGCucumberTests.feature(cucumber.api.testng.CucumberFeatureWrapper)[pri:0, instance:progressive.testRunner.testRunner@22ef9844]" name="feature" class="cucumber.api.testng.AbstractTestNGCucumberTests"/>
      </group> <!-- cucumber -->
    </groups>
    <test started-at="2019-08-27T19:00:12Z" name="Default test" finished-at="2019-08-27T19:01:10Z" duration-ms="58709">
      <class name="progressive.testRunner.testRunner">
        <test-method is-config="true" signature="setUpClass()[pri:0, instance:progressive.testRunner.testRunner@22ef9844]" started-at="2019-08-27T19:00:12Z" name="setUpClass" finished-at="2019-08-27T19:00:12Z" duration-ms="627" status="PASS">
          <reporter-output>
          </reporter-output>
        </test-method> <!-- setUpClass -->
        <test-method signature="feature(cucumber.api.testng.CucumberFeatureWrapper)[pri:0, instance:progressive.testRunner.testRunner@22ef9844]" started-at="2019-08-27T19:00:13Z" name="feature" description="Runs Cucumber Feature" data-provider="features" finished-at="2019-08-27T19:01:10Z" duration-ms="57751" status="PASS">
          <params>
            <param index="0">
              <value>
                <![CDATA[Amazon login feature Test]]>
              </value>
            </param>
          </params>
          <reporter-output>
          </reporter-output>
        </test-method> <!-- feature -->
        <test-method is-config="true" signature="tearDownClass()[pri:0, instance:progressive.testRunner.testRunner@22ef9844]" started-at="2019-08-27T19:01:10Z" name="tearDownClass" finished-at="2019-08-27T19:01:10Z" duration-ms="7" status="PASS">
          <reporter-output>
          </reporter-output>
        </test-method> <!-- tearDownClass -->
      </class> <!-- progressive.testRunner.testRunner -->
    </test> <!-- Default test -->
  </suite> <!-- Default suite -->
</testng-results>
